
* Page: 1
> "As you know, our student records are stored in a Microsoft Paint file."
> RT @WindowsCL: Llegó la hora de actualizarse a #Windows8 e innovar. ¿El Soporte técnico para #WindowsXP finalizará pronto. http://t.co/vXWl3PZYcM
> Microsoft Windows through the years - The Seattle Times http://t.co/lT6wVkzYVj
> Microsoft Windows through the years - The Seattle Times http://t.co/1ovYbMoEYO
> @BigBadEd @KristenFitzpat1 @Microsoft I believe that goes 4 me too, but don't quote me. It's been so long ago. I can't recall the exact yr!
> Microsoft amortize conjunction android http://t.co/kLu4wLmHLt
> #Microsoft #News: "Microsoft Windows through the years - The Seattle Times" http://t.co/HcshrbZUUw
> @ruthesamanda usava entao HSUAHAUSH eu fui entra agora pra confirma meu email do twitter pq ta pedindo e agora é conta da microsoft '-'
> I liked a @YouTube video http://t.co/nmWbiuSKAa FREE [May 2013] Xbox Live + Microsoft Point Generator - Updated [Direct DL]
> minimal 3-4 lembar berarti maksimal bebaskan ? RT @UntaianPerasaan: 3. Cerita minimal 4 halaman. Dan dikirim dalam bentuk Microsoft Word
> I wish Microsoft word would stop bein such a PUSSY
> Systemadministrator (m/w) Windows Server / Microsoft SQL Server: Grossostheim | DELICom DPD GmbH http://t.co/Bwf0FvCRkw
> @monacoismine I'm so excited to finally get to play your game (provided microsoft hustles along and all goes well)
> 【タイムセール】【認証保証】☆休日も即送 Microsoft Office Home and Business 2010 マイクロソフト オフィス SDカード付き OEM... 8,600 円 【Dshop　楽天市場店】 http://t.co/zuMt8NUcpG #5LjIH
> RT @HP: RT @ChristinaatHP: Join @govloop #HP &amp; @Microsoft to learn how gov agencies using #tablets to increase productivity - http://t.co/4vDm5KCbQ4

* Page: 2
> Reflek microsoft power point = Refleks patologis pada mahasiswa, kecenderungan untuk melihat ke sisi kanan bawah power point.
> 【回答】Microsoftのサイトに「32bitなら16GBの空きディスク領域」ってちゃんと書いて... ⇒ 【質問】 http://t.co/QMt7Kj9ZRP @SE_Linux #qanow
> Column Widths in a VariableSizedWrapGrid or WrapGrid: I have data that I want laid out in the appropriate numb... http://t.co/7XCD3m9Q2s
> The Microsoft Azure Times Daily is out! http://t.co/RxqxvPLdkA ▸ Top stories today via @daleked @pennyg_999 @gshackles
> Hotmail is officially toast, but Microsoft says http://t.co/eeNYva5Eyy is on fire - http://t.co/zHEvSCFisU http://t.co/eeNYva5Eyy
> Microsoft anuncia que completó el paso de Hotmail a Outlook y revela dos nuevas funciones - El Nacional Móvil http://t.co/tWveRjqbZv
> RT @D2K_Nowitzki_41: So I just won microsoft points, thanks to @pA_Organization, accidently bought party rock camo, now I need a lot more to get rid of this name
> @HP @ChristinaatHP @govloop @Microsoft -Since there was so much squabble 'bout the works...I found a nice present to give my sec'y...ur co.!
> Augmented reality IllumiRoom from Microsoft will one day bring AR home http://t.co/S5a4Qua62K
> @bianca_marie504 and my laptop doesn't have Microsoft word do idk how ima type it
> RT @UntaianPerasaan: 3. Cerita minimal 4 halaman. Dan dikirim dalam bentuk Microsoft Word ke untaianperasaan@gmail.com.
> Microsoft esa una mierda con sus Sistemas operativos.!!
> Microsoft Visual Studio Tools for Applications 2012 and SDK Released http://t.co/MjLZfyTs8S
> RT @Games_tekoop Sales - Game of DVD aanbieding! - Microsoft Live Points (800 Points) voor 10.00 euro: Microsoft Live Po... http://t....
> @kusyuk lol laptop basic microsoft words pun tak dak,apatah lagi photoshop. *ohyeah ini photoshop punya spesis* lol

* Page: 3
> RT @ari_ebooks: EAT THAT SHIT MICROSOFT
> RT @D2K_Nowitzki_41: So I just won microsoft points, thanks to @pA_Organization, accidently bought party rock camo, now I need a lot more to get rid of this name
> EAT THAT SHIT MICROSOFT
> Brainstorming using Microsoft Word makes me realize how grammatically incorrect my thoughts are
> bitch like a Microsoft Surface Pro commercial
> @sonaderi @lucidrream @precum_ @lanadelziall @squishyrina -gets out Microsoft Paint-
> My first personal email was hotmail from 1996 but got gmail in 2005. Wow “@USATODAY: It's official: Hotmail is dead. http://t.co/KQ7SV2wm3D”
> Microsoft word just royally screwed me out of my final review. Got all the way done and the file disappeared..
> RT @USATODAY: It's official: Hotmail is dead. http://t.co/jvV6Mbyxnp
> RT @ukhamitov: Microsoft забили на WP7 и теперь пишут софт только для WP8?
> i just want to be famous enough so microsoft spells my name correctly okay
> http://t.co/LxbBwHV3pC Apple fail should be a lesson for Microsoft..
> Microsoft Windows through the years - The Seattle Times: Microsoft Windows through the yearsThe Seattle TimesM... http://t.co/JpfavQQUaN
> I liked a @YouTube video http://t.co/AKRRa8Ikkj Tested In-Depth: Discussing Microsoft Windows Phone 8
> Microsoft MVC/.Net Engineer - #SanAntonio , TX (http://t.co/QCAbptU5xP) Get NET Jobs #NET #jobs #job #GetAllJobs

* Page: 4
> RT @ChristinaatHP: Join @govloop #HP &amp; @Microsoft to learn how gov agencies using #tablets to increase productivity - http://t.co/4vDm5KCbQ4
> Elsse (TM) Premium Folio Case with Stand for Microsoft Surface Windows 8 RT (Does not ... -  http://t.co/7TDFdgj45d http://t.co/fGvjnmx4u6
> IllumiRoom, de Microsoft, et si les jeux de la prochaine Xbox envahissaient votre salon#?xtor=RSS-16 http://t.co/MwpinSCcvz
> Apple y Samsung pelean en el nuevo comercial de Microsoft http://t.co/90tyB3hEWv
> Microsoft Windows through the years http://t.co/xr4lAxj4Ry
> Microsoft Celebrates a Year of Open Source Success - #msft #oss #gnu - http://t.co/9sSW4UigND
> Microsoft entices Windows Phone developers with more payout options -  http://t.co/Mlmh0BxtM7
> So I just won microsoft points, thanks to @pA_Organization, accidently bought party rock camo, now I need a lot more to get rid of this name
> this made my day I just received a free Microsoft points card code and it was legit! If you need a code check out freemspointsforever♣ com
> 【必需品】DVD-ROM - Microsoft Office PowerPoint 20 - http://t.co/O5UuELqzr3 - マイクロソフト - マイクロソフト
> Microsoft anuncia que completó el paso de Hotmail a Outlook y ... - El http://t.co/sFxeN39Q2o   Altuve News http://t.co/gtsr9hQ11k
> @Microsoft_Saudi http://t.co/AaPwTvBzZU
> Microsoft Excel 2010 Course Beginners/ Intermediate Training #msexcel http://t.co/7Ph7wEF2OD
> Enter to win @geekbabe Spring Cleaning with Microsoft @Office365 Home Premium Giveaway #office365 http://t.co/eIS4wTRwz9
> Esta computadora es chimba pana, no tiene microsoft office.

* Page: 5
> RT @USATODAY: It's official: Hotmail is dead. http://t.co/jvV6Mbyxnp
> Publish Your App To Windows Store: Win Big, Get Ahead In Lifehacker And ...: And round 5 is go! There's still ... http://t.co/sqfh9hIPY0
> I hope the new Xbox rumors aren't true, I guess we'll figure out May 21st.
#newxbox #xbox #microsoft #xboxreveal
> RT @USATODAY: It's official: Hotmail is dead. http://t.co/jvV6Mbyxnp
> RT @USATODAY: It's official: Hotmail is dead. http://t.co/jvV6Mbyxnp
> RT @ElNacionalWeb: Se completó el paso de Hotmail a Outlook  http://t.co/fmz9Ar3jYj
> RT @VisionKidYoshi: Any of you guys need microsoft points to change there name? I'm giving away 1600 so I suggest you guys check out my last tweet.
> RT @A2N13ALLER: http://t.co/JIkqfcyGTz..
> RT @VSLatinoamerica: Mira la increíble librería de #Desarrollo que tenemos para ti. ¡Compártela! 
 http://t.co/1t0FeAYxej
> Microsoft podría diseñar una nueva Xbox que operaría con Windows 8
> Looking to optimize your PowerView and PowerPivot workbooks?  Checkout the Workbook Size Optimizer... http://t.co/cBWieO67Ee
> RT @VisionKidYoshi: If you want to enter in my 1600 Microsoft Points giveaway, make sure your following me, RT this tweet, and (cont) http://t.co/J5AZYY8YE0
> amazon:【CPUセット】Microsoft DSP版(新規導入可) 64bit SP1 日本語 Microsoft Windows7... http://t.co/aaOhHQibOF #windows8 #ウィンドウズ8 #sougofollow #goen
> RT @USATODAY: It's official: Hotmail is dead. http://t.co/jvV6Mbyxnp
> Microsoft News: Microsoft Windows through the years - The Seattle Times http://t.co/y1wa6biX43

* Page: 6
> RT @VisionKidYoshi: If you want to enter in my 1600 Microsoft Points giveaway, make sure your following me, RT this tweet, and (cont) http://t.co/J5AZYY8YE0
> ruinwindows7fellings
ta de brincadeira comigo né Microsoft
reiniciar o pc 4 vezes praa instalar um service pack ¬¬
ruinwindows7fellings
> Meeting HRMC / iXBRL Requirements Report Builder seamlessly integrates with Microsoft® Excel http://t.co/XoIVBppVre
> RT @USATODAY: It's official: Hotmail is dead. http://t.co/jvV6Mbyxnp
> RT @USATODAY: It's official: Hotmail is dead. http://t.co/WUt8dn9EFD
> Sales - Game of DVD aanbieding! - Microsoft Live Points (800 Points) voor 10.00 euro: Microsoft Live Po... http://t.co/QRgKNMp1yx #12607
> RT @VisionKidYoshi: Any of you guys need microsoft points to change there name? I'm giving away 1600 so I suggest you guys check out my last tweet.
> Planner Scheduler - Refinery / Primavera / Microsoft Project - Randstad Engineering: Planner/Scheduler with... http://t.co/uCiPRmS5b8
> Scheduler - Pipeline / Microsoft Project / Construction - Randstad Engineering: Project Scheduler needed for a... http://t.co/aqmN3N7rG1
> My Thoughts on Work/Life Balance at Microsoft http://t.co/u2NWgAnKXW via @zite
> Microsoft Paint muthafucka so eazy
> RT @ElNacionalWeb: Se completó el paso de Hotmail a Outlook  http://t.co/fmz9Ar3jYj
> RT @ElNacionalWeb: Se completó el paso de Hotmail a Outlook  http://t.co/fmz9Ar3jYj
> Sunday afternoon and watching netball while fixing softwares #apple #netball #anzchampionship #computer #microsoft #windows8
> 【LogoVista】スペイン語の情報をワンタッチで日本語に！Microsoft Office 2010 64bit版のアドイン対応！インターネット連携機能でスペインのＨＰをワンタッチで翻訳することができます！https://t.co/b4aPFoluJL

* Page: 7
> APAHAL PULAK DENGAN MICROSOFT OFFICE WORD 2007 NI ! PLEASE JANGAN BUAT HAL , AKU NAK SIAPKAN FOLIO T^T
> RT @HecklerForever: RT @USATODAY: It's official: Hotmail is dead. http://t.co/xAB9Z25DaJ
> @skjones007 @kdfuller2 A true Microsoft fan would assert that "Lord Microsoft" wants you to use Win8, thus an upgrade is inevitable.
> @NitroTank atta boy.  Thanks to Microsoft for the Blue Screens of Death. I'm going to bed early to rise tomorrow.
> RT @VisionKidYoshi: If you want to enter in my 1600 Microsoft Points giveaway, make sure your following me, RT this tweet, and (cont) http://t.co/J5AZYY8YE0
> @pA_Organization Thanks for the 400 microsoft points! Now just need another 400 to change my name!
> RT @VisionKidYoshi: If you want to enter in my 1600 Microsoft Points giveaway, make sure your following me, RT this tweet, and (cont) http://t.co/J5AZYY8YE0
> RT @VisionKidYoshi: Any of you guys need microsoft points to change there name? I'm giving away 1600 so I suggest you guys check out my last tweet.
> RT @VisionKidYoshi: Any of you guys need microsoft points to change there name? I'm giving away 1600 so I suggest you guys check out my last tweet.
> 【#誰得】楽天で韓国割れOS販売中！　#通報　安すぎ…韓国ネット一斉ダウンの原因？人柱はよ→【究極の価格 - 最低価挑戦!】【認証保障】★Microsoft Windows7 Ultimate OEM★DL版の認証番号はメール…[楽天]http://t.co/tF09d3iqhj
> @karyccm Mucho le pedis a microsoft karlina jajaja
> RT @VassetyDiaz: @kiarasophie en @katapultaPRO hay #proyectos/#empleo de #tecnologías #Microsoft. Síguelo para estar al pendiente. RT x favor. 224
> Enterprise Software in the Cloud: Why We Choose Azure as our First PaaS Platform http://t.co/qoqBJUcAq6 #tech #news
> Microsoft Research creates new interactive work ID badge - http://t.co/sAQRxMF57H
> Any of you guys need microsoft points to change there name? I'm giving away 1600 so I suggest you guys check out my last tweet.

* Page: 8
> Microsoft reportedly prepping Surface tablet with 7.5-inch display - http://t.co/C7thLoqjAp
> Hotmail is officially dead: Microsoft shifts to Outlook http://t.co/wircXTIddi
> Press Start: a possible new #name for the next #Xbox, #Microsoft's game-changing - The Guardian http://t.co/VVlkUCwnYR
> 31位.（↓）Microsoft Office Home and Business 2013  [パッケージ] - マイクロソフト... http://t.co/E0dDooFKOD
> #Microsoft Registers Multiple #Xbox #Fusion Domains - News - www: While #Microsoft won't announce the official... http://t.co/W1QVGReHSZ
> 【質問】Microsoft Officeで一番得意なソフト、また苦手なソフトはそれぞれ何ですか。【回答】率直に答えてほしいのですが、苦手なソフトに対しては克服の努力をしていることも具体的に述べてください。#syukatsu #syukatsu
> Windows defender is Comprimised from update from microsoft &amp; window's updates~they are giveing amunity to Bargin buddy trogin with malware's
> Rate microsoft vpl stop bath in preference to joint-stock company bestowal expansion http://t.co/0kctbYT0g2
> 【ビジネス】Microsoft Office Professional 2010 アカデミック　http://t.co/NGMYwcYfgH [12:24]
> #Microsoft Natural #Ergonomic #Keyboard 4000 Review http://t.co/ahbkLpZj94
> This is what I called temptation: Microsoft Ilumiroom http://t.co/Cii5ixwWX6
> RT @ElNacionalWeb: Se completó el paso de Hotmail a Outlook  http://t.co/fmz9Ar3jYj
> RT @ElNacionalWeb: Se completó el paso de Hotmail a Outlook  http://t.co/fmz9Ar3jYj
> MCITP Developer: Microsoft SQL Server 2005 Data Access Design and Optimization Study Guide: Exam 70-442 book downl http://t.co/cOvGWG9lQh
> Microsoft C# Tutorial &amp; Certification http://t.co/J64Qj0aIp7

* Page: 9
> Microsoft launches preview of Skype Video Messaging for Windows #skype #Windows8 - http://t.co/jc5tqbJaUy
> RT @OthnielDenis: Free Event on Advanced Microsoft Excel: Thee Power of Charts 5/18 - Brooklyn, NY... http://t.co/7yx2oCZm1c
> RT @HecklerForever: RT @USATODAY: It's official: Hotmail is dead. http://t.co/xAB9Z25DaJ
> RT @KaffeaNet: looking for microsoft office 2010 product key? http://t.co/69C1OsoIzy
> Here's Why Google's New 'Packaged Apps' Are Bad News For Microsoft - Stephen Lam, Getty ImagesMicrosoft CEO Steve... http://t.co/0u0jSa5nfh
> @Moneto_Tk これmicrosoftアカウント作ればいいんかね
> Chromebook could free Google from Microsoft and Apple http://t.co/yGRgoGjXfC
> @stilgherrian Technically that was still DURING &amp; I Lurv you for it. Bested only by the time a guy at Microsoft started in on me @ minute 3
> RT @ElNacionalWeb: Se completó el paso de Hotmail a Outlook  http://t.co/fmz9Ar3jYj
> RT @USATODAY: It's official: Hotmail is dead. http://t.co/jvV6Mbyxnp
> Microsoft Visual Basic Training &amp; Syllabus http://t.co/vpxfFEneUS
> J'aime une vidéo @YouTube mise en ligne par @thekairi78 : "Black Ops 2 : 1 jeux pc de ton choix + 50euro psn + 1200 point microsoft" à
> #Hollywood #Topic Singer Kelly Clarkson to perform in Troy at Microsoft store opening http://t.co/Jl8MkTbUUO #Life
> #Microsoft.Student.With.#Encarta.Premium.2009
Download Link : http://t.co/Kg5ptBWbUb
> 【Logovista】フランス語の情報をワンタッチで日本語に！Microsoft Office 2010 64bit版のアドイン対応！インターネット連携機能でフランスのＨＰをワンタッチで翻訳することができます！https://t.co/sazUV19OVJ

* Page: 10
> Facebook app for Windows Phone 8 Beta updated with fixes and improvements: 
Microsoft recently launched a new ... http://t.co/2y031jZdv0
> Microsoft landscape 2010 software http://t.co/Cupm5lgASM
> RT @ElNacionalWeb: Se completó el paso de Hotmail a Outlook  http://t.co/fmz9Ar3jYj
> RT @CNET: Apple fail should be a lesson for Microsoft http://t.co/luKq1MjSJs
> @electrolemon ever since jerry seinfeld did those microsoft ads a few years back it's always nice to see the comic sans MS
> @oscargodson if you don't mind me asking - why did you leave Microsoft?
> RT @abeolandres: Microsoft Surface Pro Review -- http://t.co/eZKOqH0zwM
> RT @ElNacionalWeb: Se completó el paso de Hotmail a Outlook  http://t.co/fmz9Ar3jYj
> RT @MicrosoftID: Sudah ikutan #MVAhero ? belajar teknologi Microsoft sambil dapat Hadiah. segera klik link http://t.co/I4SN0MpMY3
> $188 for Microsoft Office. Should I, or should I not?…
> RT @USATODAY: It's official: Hotmail is dead. http://t.co/jvV6Mbyxnp
> Basically when other people tweet it shows up in the font from Microsoft Word called wing dings
> @microsoft__now フォローありがとうございます。フォロバさせて頂きました。よろしくお願いします&lt;(_ _*)&gt;
> The administrative toolsin the microsoft scmrtos5 xp http://t.co/oXHPTsIRL2
> RT @CloudStocks: #Cloud #Stocks - ... | http://t.co/OEZbCTeZTT: #Cloud #Stocks -. Cloud Computing: Microsoft... http://t.co/9g3F7fwknF #cloud #stocks #TCN
